# JRE version: OpenJDK Runtime Environment Temurin-21.0.9+10 (21.0.9+10) (build 21.0.9+10-LTS)
# Java VM: OpenJDK 64-Bit Server VM Temurin-21.0.9+10 (21.0.9+10-LTS, mixed mode, sharing, tiered, compressed oops, compressed class ptrs, parallel gc, windows-amd64)
GC Precious Log:
 CardTable entry size: 512
 CPUs: 8 total, 8 available
 Memory: 7939M
 Large Page Support: Disabled
 NUMA Support: Disabled
 Compressed Oops: Enabled (32-bit)
 Alignments: Space 512K, Generation 512K, Heap 2M
 Heap Min Capacity: 100M
 Heap Initial Capacity: 100M
 Heap Max Capacity: 2G
 Pre-touch: Disabled
 Parallel Workers: 8
Heap:
 PSYoungGen      total 11264K, used 11264K [0x00000000d5580000, 0x00000000d7f80000, 0x0000000100000000)
  eden space 7168K, 100% used [0x00000000d5580000,0x00000000d5c80000,0x00000000d5c80000)
  from space 4096K, 100% used [0x00000000d6980000,0x00000000d6d80000,0x00000000d6d80000)
  to   space 13312K, 23% used [0x00000000d5c80000,0x00000000d5f97c38,0x00000000d6980000)
 ParOldGen       total 112128K, used 112124K [0x0000000080000000, 0x0000000086d80000, 0x00000000d5580000)
  object space 112128K, 99% used [0x0000000080000000,0x0000000086d7f158,0x0000000086d80000)
 Metaspace       used 62949K, committed 64448K, reserved 1114112K
  class space    used 6665K, committed 7296K, reserved 1048576K
GC Heap History (20 events):
Event: 12.492 GC heap after
{Heap after GC invocations=59 (full 2):
 PSYoungGen      total 18432K, used 487K [0x00000000d5580000, 0x00000000d6a00000, 0x0000000100000000)
  eden space 17920K, 0% used [0x00000000d5580000,0x00000000d5580000,0x00000000d6700000)
  from space 512K, 95% used [0x00000000d6780000,0x00000000d67f9eb0,0x00000000d6800000)
  to   space 1536K, 0% used [0x00000000d6880000,0x00000000d6880000,0x00000000d6a00000)
 ParOldGen       total 68608K, used 63783K [0x0000000080000000, 0x0000000084300000, 0x00000000d5580000)
  object space 68608K, 92% used [0x0000000080000000,0x0000000083e49fb0,0x0000000084300000)
 Metaspace       used 58259K, committed 59712K, reserved 1114112K
  class space    used 6275K, committed 6912K, reserved 1048576K
}
Event: 12.572 GC heap before
{Heap before GC invocations=60 (full 2):
 PSYoungGen      total 18432K, used 4003K [0x00000000d5580000, 0x00000000d6a00000, 0x0000000100000000)
  eden space 17920K, 19% used [0x00000000d5580000,0x00000000d58eed68,0x00000000d6700000)
  from space 512K, 95% used [0x00000000d6780000,0x00000000d67f9eb0,0x00000000d6800000)
  to   space 1536K, 0% used [0x00000000d6880000,0x00000000d6880000,0x00000000d6a00000)
 ParOldGen       total 68608K, used 63783K [0x0000000080000000, 0x0000000084300000, 0x00000000d5580000)
  object space 68608K, 92% used [0x0000000080000000,0x0000000083e49fb0,0x0000000084300000)
 Metaspace       used 58357K, committed 59776K, reserved 1114112K
  class space    used 6280K, committed 6912K, reserved 1048576K
}
Event: 12.578 GC heap after
{Heap after GC invocations=60 (full 2):
 PSYoungGen      total 18944K, used 798K [0x00000000d5580000, 0x00000000d6980000, 0x0000000100000000)
  eden space 17920K, 0% used [0x00000000d5580000,0x00000000d5580000,0x00000000d6700000)
  from space 1024K, 77% used [0x00000000d6880000,0x00000000d6947838,0x00000000d6980000)
  to   space 1024K, 0% used [0x00000000d6780000,0x00000000d6780000,0x00000000d6880000)
 ParOldGen       total 68608K, used 64269K [0x0000000080000000, 0x0000000084300000, 0x00000000d5580000)
  object space 68608K, 93% used [0x0000000080000000,0x0000000083ec3440,0x0000000084300000)
 Metaspace       used 58357K, committed 59776K, reserved 1114112K
  class space    used 6280K, committed 6912K, reserved 1048576K
}
Event: 12.578 GC heap before
{Heap before GC invocations=61 (full 3):
 PSYoungGen      total 18944K, used 798K [0x00000000d5580000, 0x00000000d6980000, 0x0000000100000000)
  eden space 17920K, 0% used [0x00000000d5580000,0x00000000d5580000,0x00000000d6700000)
  from space 1024K, 77% used [0x00000000d6880000,0x00000000d6947838,0x00000000d6980000)
  to   space 1024K, 0% used [0x00000000d6780000,0x00000000d6780000,0x00000000d6880000)
 ParOldGen       total 68608K, used 64269K [0x0000000080000000, 0x0000000084300000, 0x00000000d5580000)
  object space 68608K, 93% used [0x0000000080000000,0x0000000083ec3440,0x0000000084300000)
 Metaspace       used 58357K, committed 59776K, reserved 1114112K
  class space    used 6280K, committed 6912K, reserved 1048576K
}
Event: 12.719 GC heap after
{Heap after GC invocations=61 (full 3):
 PSYoungGen      total 18944K, used 0K [0x00000000d5580000, 0x00000000d6980000, 0x0000000100000000)
  eden space 17920K, 0% used [0x00000000d5580000,0x00000000d5580000,0x00000000d6700000)
  from space 1024K, 0% used [0x00000000d6880000,0x00000000d6880000,0x00000000d6980000)
  to   space 1024K, 0% used [0x00000000d6780000,0x00000000d6780000,0x00000000d6880000)
 ParOldGen       total 68608K, used 50253K [0x0000000080000000, 0x0000000084300000, 0x00000000d5580000)
  object space 68608K, 73% used [0x0000000080000000,0x00000000831135a0,0x0000000084300000)
 Metaspace       used 58352K, committed 59776K, reserved 1114112K
  class space    used 6278K, committed 6912K, reserved 1048576K
}
Event: 13.011 GC heap before
{Heap before GC invocations=62 (full 3):
 PSYoungGen      total 18944K, used 17920K [0x00000000d5580000, 0x00000000d6980000, 0x0000000100000000)
  eden space 17920K, 100% used [0x00000000d5580000,0x00000000d6700000,0x00000000d6700000)
  from space 1024K, 0% used [0x00000000d6880000,0x00000000d6880000,0x00000000d6980000)
  to   space 1024K, 0% used [0x00000000d6780000,0x00000000d6780000,0x00000000d6880000)
 ParOldGen       total 68608K, used 50253K [0x0000000080000000, 0x0000000084300000, 0x00000000d5580000)
  object space 68608K, 73% used [0x0000000080000000,0x00000000831135a0,0x0000000084300000)
 Metaspace       used 58785K, committed 60224K, reserved 1114112K
  class space    used 6298K, committed 6912K, reserved 1048576K
}
Event: 13.013 GC heap after
{Heap after GC invocations=62 (full 3):
 PSYoungGen      total 18944K, used 970K [0x00000000d5580000, 0x00000000d6900000, 0x0000000100000000)
  eden space 17920K, 0% used [0x00000000d5580000,0x00000000d5580000,0x00000000d6700000)
  from space 1024K, 94% used [0x00000000d6780000,0x00000000d6872910,0x00000000d6880000)
  to   space 512K, 0% used [0x00000000d6880000,0x00000000d6880000,0x00000000d6900000)
 ParOldGen       total 68608K, used 50261K [0x0000000080000000, 0x0000000084300000, 0x00000000d5580000)
  object space 68608K, 73% used [0x0000000080000000,0x00000000831155a0,0x0000000084300000)
 Metaspace       used 58785K, committed 60224K, reserved 1114112K
  class space    used 6298K, committed 6912K, reserved 1048576K
}
Event: 334.548 GC heap before
{Heap before GC invocations=63 (full 3):
 PSYoungGen      total 18944K, used 18890K [0x00000000d5580000, 0x00000000d6900000, 0x0000000100000000)
  eden space 17920K, 100% used [0x00000000d5580000,0x00000000d6700000,0x00000000d6700000)
  from space 1024K, 94% used [0x00000000d6780000,0x00000000d6872910,0x00000000d6880000)
  to   space 512K, 0% used [0x00000000d6880000,0x00000000d6880000,0x00000000d6900000)
 ParOldGen       total 68608K, used 50261K [0x0000000080000000, 0x0000000084300000, 0x00000000d5580000)
  object space 68608K, 73% used [0x0000000080000000,0x00000000831155a0,0x0000000084300000)
 Metaspace       used 60219K, committed 61632K, reserved 1114112K
  class space    used 6430K, committed 7040K, reserved 1048576K
}
Event: 334.550 GC heap after
{Heap after GC invocations=63 (full 3):
 PSYoungGen      total 16896K, used 512K [0x00000000d5580000, 0x00000000d6d00000, 0x0000000100000000)
  eden space 16384K, 0% used [0x00000000d5580000,0x00000000d5580000,0x00000000d6580000)
  from space 512K, 100% used [0x00000000d6880000,0x00000000d6900000,0x00000000d6900000)
  to   space 3072K, 0% used [0x00000000d6580000,0x00000000d6580000,0x00000000d6880000)
 ParOldGen       total 68608K, used 52226K [0x0000000080000000, 0x0000000084300000, 0x00000000d5580000)
  object space 68608K, 76% used [0x0000000080000000,0x0000000083300858,0x0000000084300000)
 Metaspace       used 60219K, committed 61632K, reserved 1114112K
  class space    used 6430K, committed 7040K, reserved 1048576K
}
Event: 334.707 GC heap before
{Heap before GC invocations=64 (full 3):
 PSYoungGen      total 16896K, used 14993K [0x00000000d5580000, 0x00000000d6d00000, 0x0000000100000000)
  eden space 16384K, 88% used [0x00000000d5580000,0x00000000d63a44f8,0x00000000d6580000)
  from space 512K, 100% used [0x00000000d6880000,0x00000000d6900000,0x00000000d6900000)
  to   space 3072K, 0% used [0x00000000d6580000,0x00000000d6580000,0x00000000d6880000)
 ParOldGen       total 68608K, used 52226K [0x0000000080000000, 0x0000000084300000, 0x00000000d5580000)
  object space 68608K, 76% used [0x0000000080000000,0x0000000083300858,0x0000000084300000)
 Metaspace       used 60951K, committed 62400K, reserved 1114112K
  class space    used 6484K, committed 7104K, reserved 1048576K
}
Event: 334.711 GC heap after
{Heap after GC invocations=64 (full 3):
 PSYoungGen      total 19456K, used 3043K [0x00000000d5580000, 0x00000000d7180000, 0x0000000100000000)
  eden space 16384K, 0% used [0x00000000d5580000,0x00000000d5580000,0x00000000d6580000)
  from space 3072K, 99% used [0x00000000d6580000,0x00000000d6878ef8,0x00000000d6880000)
  to   space 6144K, 0% used [0x00000000d6b80000,0x00000000d6b80000,0x00000000d7180000)
 ParOldGen       total 68608K, used 54332K [0x0000000080000000, 0x0000000084300000, 0x00000000d5580000)
  object space 68608K, 79% used [0x0000000080000000,0x000000008350f2d0,0x0000000084300000)
 Metaspace       used 60951K, committed 62400K, reserved 1114112K
  class space    used 6484K, committed 7104K, reserved 1048576K
}
Event: 334.821 GC heap before
{Heap before GC invocations=65 (full 3):
 PSYoungGen      total 19456K, used 19388K [0x00000000d5580000, 0x00000000d7180000, 0x0000000100000000)
  eden space 16384K, 99% used [0x00000000d5580000,0x00000000d6576440,0x00000000d6580000)
  from space 3072K, 99% used [0x00000000d6580000,0x00000000d6878ef8,0x00000000d6880000)
  to   space 6144K, 0% used [0x00000000d6b80000,0x00000000d6b80000,0x00000000d7180000)
 ParOldGen       total 95232K, used 91671K [0x0000000080000000, 0x0000000085d00000, 0x00000000d5580000)
  object space 95232K, 96% used [0x0000000080000000,0x0000000085985e20,0x0000000085d00000)
 Metaspace       used 61178K, committed 62656K, reserved 1114112K
  class space    used 6502K, committed 7104K, reserved 1048576K
}
Event: 334.824 GC heap after
{Heap after GC invocations=65 (full 3):
 PSYoungGen      total 17920K, used 1532K [0x00000000d5580000, 0x00000000d6d00000, 0x0000000100000000)
  eden space 16384K, 0% used [0x00000000d5580000,0x00000000d5580000,0x00000000d6580000)
  from space 1536K, 99% used [0x00000000d6b80000,0x00000000d6cff2e0,0x00000000d6d00000)
  to   space 3072K, 0% used [0x00000000d6700000,0x00000000d6700000,0x00000000d6a00000)
 ParOldGen       total 95232K, used 92844K [0x0000000080000000, 0x0000000085d00000, 0x00000000d5580000)
  object space 95232K, 97% used [0x0000000080000000,0x0000000085aab1c0,0x0000000085d00000)
 Metaspace       used 61178K, committed 62656K, reserved 1114112K
  class space    used 6502K, committed 7104K, reserved 1048576K
}
Event: 334.874 GC heap before
{Heap before GC invocations=66 (full 3):
 PSYoungGen      total 17920K, used 17916K [0x00000000d5580000, 0x00000000d6d00000, 0x0000000100000000)
  eden space 16384K, 100% used [0x00000000d5580000,0x00000000d6580000,0x00000000d6580000)
  from space 1536K, 99% used [0x00000000d6b80000,0x00000000d6cff2e0,0x00000000d6d00000)
  to   space 3072K, 0% used [0x00000000d6700000,0x00000000d6700000,0x00000000d6a00000)
 ParOldGen       total 95232K, used 92844K [0x0000000080000000, 0x0000000085d00000, 0x00000000d5580000)
  object space 95232K, 97% used [0x0000000080000000,0x0000000085aab1c0,0x0000000085d00000)
 Metaspace       used 61206K, committed 62656K, reserved 1114112K
  class space    used 6503K, committed 7104K, reserved 1048576K
}
Event: 334.877 GC heap after
{Heap after GC invocations=66 (full 3):
 PSYoungGen      total 19456K, used 3067K [0x00000000d5580000, 0x00000000d7080000, 0x0000000100000000)
  eden space 16384K, 0% used [0x00000000d5580000,0x00000000d5580000,0x00000000d6580000)
  from space 3072K, 99% used [0x00000000d6700000,0x00000000d69fef30,0x00000000d6a00000)
  to   space 5632K, 0% used [0x00000000d6b00000,0x00000000d6b00000,0x00000000d7080000)
 ParOldGen       total 95232K, used 94752K [0x0000000080000000, 0x0000000085d00000, 0x00000000d5580000)
  object space 95232K, 99% used [0x0000000080000000,0x0000000085c88228,0x0000000085d00000)
 Metaspace       used 61206K, committed 62656K, reserved 1114112K
  class space    used 6503K, committed 7104K, reserved 1048576K
}
Event: 334.925 GC heap before
{Heap before GC invocations=67 (full 3):
 PSYoungGen      total 19456K, used 19451K [0x00000000d5580000, 0x00000000d7080000, 0x0000000100000000)
  eden space 16384K, 100% used [0x00000000d5580000,0x00000000d6580000,0x00000000d6580000)
  from space 3072K, 99% used [0x00000000d6700000,0x00000000d69fef30,0x00000000d6a00000)
  to   space 5632K, 0% used [0x00000000d6b00000,0x00000000d6b00000,0x00000000d7080000)
 ParOldGen       total 95232K, used 94752K [0x0000000080000000, 0x0000000085d00000, 0x00000000d5580000)
  object space 95232K, 99% used [0x0000000080000000,0x0000000085c88228,0x0000000085d00000)
 Metaspace       used 61208K, committed 62656K, reserved 1114112K
  class space    used 6503K, committed 7104K, reserved 1048576K
}
Event: 334.931 GC heap after
{Heap after GC invocations=67 (full 3):
 PSYoungGen      total 20480K, used 3849K [0x00000000d5580000, 0x00000000d6f00000, 0x0000000100000000)
  eden space 16384K, 0% used [0x00000000d5580000,0x00000000d5580000,0x00000000d6580000)
  from space 4096K, 93% used [0x00000000d6b00000,0x00000000d6ec27a8,0x00000000d6f00000)
  to   space 4608K, 0% used [0x00000000d6600000,0x00000000d6600000,0x00000000d6a80000)
 ParOldGen       total 98304K, used 97860K [0x0000000080000000, 0x0000000086000000, 0x00000000d5580000)
  object space 98304K, 99% used [0x0000000080000000,0x0000000085f91158,0x0000000086000000)
 Metaspace       used 61208K, committed 62656K, reserved 1114112K
  class space    used 6503K, committed 7104K, reserved 1048576K
}
Event: 334.971 GC heap before
{Heap before GC invocations=68 (full 3):
 PSYoungGen      total 20480K, used 20233K [0x00000000d5580000, 0x00000000d6f00000, 0x0000000100000000)
  eden space 16384K, 100% used [0x00000000d5580000,0x00000000d6580000,0x00000000d6580000)
  from space 4096K, 93% used [0x00000000d6b00000,0x00000000d6ec27a8,0x00000000d6f00000)
  to   space 4608K, 0% used [0x00000000d6600000,0x00000000d6600000,0x00000000d6a80000)
 ParOldGen       total 98304K, used 97860K [0x0000000080000000, 0x0000000086000000, 0x00000000d5580000)
  object space 98304K, 99% used [0x0000000080000000,0x0000000085f91158,0x0000000086000000)
 Metaspace       used 61469K, committed 62912K, reserved 1114112K
  class space    used 6519K, committed 7104K, reserved 1048576K
}
Event: 334.976 GC heap after
{Heap after GC invocations=68 (full 3):
 PSYoungGen      total 19968K, used 3488K [0x00000000d5580000, 0x00000000d6d80000, 0x0000000100000000)
  eden space 16384K, 0% used [0x00000000d5580000,0x00000000d5580000,0x00000000d6580000)
  from space 3584K, 97% used [0x00000000d6600000,0x00000000d6968000,0x00000000d6980000)
  to   space 4096K, 0% used [0x00000000d6980000,0x00000000d6980000,0x00000000d6d80000)
 ParOldGen       total 101376K, used 101164K [0x0000000080000000, 0x0000000086300000, 0x00000000d5580000)
  object space 101376K, 99% used [0x0000000080000000,0x00000000862cb158,0x0000000086300000)
 Metaspace       used 61469K, committed 62912K, reserved 1114112K
  class space    used 6519K, committed 7104K, reserved 1048576K
}
Event: 335.081 GC heap before
{Heap before GC invocations=69 (full 3):
 PSYoungGen      total 19968K, used 19872K [0x00000000d5580000, 0x00000000d6d80000, 0x0000000100000000)
  eden space 16384K, 100% used [0x00000000d5580000,0x00000000d6580000,0x00000000d6580000)
  from space 3584K, 97% used [0x00000000d6600000,0x00000000d6968000,0x00000000d6980000)
  to   space 4096K, 0% used [0x00000000d6980000,0x00000000d6980000,0x00000000d6d80000)
 ParOldGen       total 101376K, used 101164K [0x0000000080000000, 0x0000000086300000, 0x00000000d5580000)
  object space 101376K, 99% used [0x0000000080000000,0x00000000862cb158,0x0000000086300000)
 Metaspace       used 62392K, committed 63872K, reserved 1114112K
  class space    used 6607K, committed 7232K, reserved 1048576K
}

