# JRE version: OpenJDK Runtime Environment Temurin-21.0.9+10 (21.0.9+10) (build 21.0.9+10-LTS)
# Java VM: OpenJDK 64-Bit Server VM Temurin-21.0.9+10 (21.0.9+10-LTS, mixed mode, sharing, tiered, compressed oops, compressed class ptrs, parallel gc, windows-amd64)
GC Precious Log:
 CardTable entry size: 512
 CPUs: 8 total, 8 available
 Memory: 7939M
 Large Page Support: Disabled
 NUMA Support: Disabled
 Compressed Oops: Enabled (32-bit)
 Alignments: Space 512K, Generation 512K, Heap 2M
 Heap Min Capacity: 100M
 Heap Initial Capacity: 100M
 Heap Max Capacity: 2G
 Pre-touch: Disabled
 Parallel Workers: 8
Heap:
 PSYoungGen      total 16896K, used 5970K [0x00000000d5580000, 0x00000000d6880000, 0x0000000100000000)
  eden space 15872K, 32% used [0x00000000d5580000,0x00000000d5a92268,0x00000000d6500000)
  from space 1024K, 76% used [0x00000000d6780000,0x00000000d6842910,0x00000000d6880000)
  to   space 1024K, 0% used [0x00000000d6680000,0x00000000d6680000,0x00000000d6780000)
 ParOldGen       total 68608K, used 54086K [0x0000000080000000, 0x0000000084300000, 0x00000000d5580000)
  object space 68608K, 78% used [0x0000000080000000,0x00000000834d1878,0x0000000084300000)
 Metaspace       used 58890K, committed 60224K, reserved 1114112K
  class space    used 6304K, committed 6912K, reserved 1048576K
GC Heap History (20 events):
Event: 12.679 GC heap before
{Heap before GC invocations=58 (full 2):
 PSYoungGen      total 17408K, used 17312K [0x00000000d5580000, 0x00000000d6780000, 0x0000000100000000)
  eden space 16896K, 100% used [0x00000000d5580000,0x00000000d6600000,0x00000000d6600000)
  from space 512K, 81% used [0x00000000d6680000,0x00000000d66e8000,0x00000000d6700000)
  to   space 512K, 0% used [0x00000000d6700000,0x00000000d6700000,0x00000000d6780000)
 ParOldGen       total 68608K, used 64136K [0x0000000080000000, 0x0000000084300000, 0x00000000d5580000)
  object space 68608K, 93% used [0x0000000080000000,0x0000000083ea2330,0x0000000084300000)
 Metaspace       used 56813K, committed 58240K, reserved 1114112K
  class space    used 6112K, committed 6720K, reserved 1048576K
}
Event: 12.680 GC heap after
{Heap after GC invocations=58 (full 2):
 PSYoungGen      total 17408K, used 512K [0x00000000d5580000, 0x00000000d6800000, 0x0000000100000000)
  eden space 16896K, 0% used [0x00000000d5580000,0x00000000d5580000,0x00000000d6600000)
  from space 512K, 100% used [0x00000000d6700000,0x00000000d6780000,0x00000000d6780000)
  to   space 1024K, 0% used [0x00000000d6600000,0x00000000d6600000,0x00000000d6700000)
 ParOldGen       total 68608K, used 64464K [0x0000000080000000, 0x0000000084300000, 0x00000000d5580000)
  object space 68608K, 93% used [0x0000000080000000,0x0000000083ef4330,0x0000000084300000)
 Metaspace       used 56813K, committed 58240K, reserved 1114112K
  class space    used 6112K, committed 6720K, reserved 1048576K
}
Event: 12.704 GC heap before
{Heap before GC invocations=59 (full 2):
 PSYoungGen      total 17408K, used 17408K [0x00000000d5580000, 0x00000000d6800000, 0x0000000100000000)
  eden space 16896K, 100% used [0x00000000d5580000,0x00000000d6600000,0x00000000d6600000)
  from space 512K, 100% used [0x00000000d6700000,0x00000000d6780000,0x00000000d6780000)
  to   space 1024K, 0% used [0x00000000d6600000,0x00000000d6600000,0x00000000d6700000)
 ParOldGen       total 68608K, used 64464K [0x0000000080000000, 0x0000000084300000, 0x00000000d5580000)
  object space 68608K, 93% used [0x0000000080000000,0x0000000083ef4330,0x0000000084300000)
 Metaspace       used 56826K, committed 58240K, reserved 1114112K
  class space    used 6112K, committed 6720K, reserved 1048576K
}
Event: 12.706 GC heap after
{Heap after GC invocations=59 (full 2):
 PSYoungGen      total 17920K, used 893K [0x00000000d5580000, 0x00000000d6800000, 0x0000000100000000)
  eden space 16896K, 0% used [0x00000000d5580000,0x00000000d5580000,0x00000000d6600000)
  from space 1024K, 87% used [0x00000000d6600000,0x00000000d66df4f8,0x00000000d6700000)
  to   space 1024K, 0% used [0x00000000d6700000,0x00000000d6700000,0x00000000d6800000)
 ParOldGen       total 68608K, used 64862K [0x0000000080000000, 0x0000000084300000, 0x00000000d5580000)
  object space 68608K, 94% used [0x0000000080000000,0x0000000083f57bf0,0x0000000084300000)
 Metaspace       used 56826K, committed 58240K, reserved 1114112K
  class space    used 6112K, committed 6720K, reserved 1048576K
}
Event: 12.731 GC heap before
{Heap before GC invocations=60 (full 2):
 PSYoungGen      total 17920K, used 17789K [0x00000000d5580000, 0x00000000d6800000, 0x0000000100000000)
  eden space 16896K, 100% used [0x00000000d5580000,0x00000000d6600000,0x00000000d6600000)
  from space 1024K, 87% used [0x00000000d6600000,0x00000000d66df4f8,0x00000000d6700000)
  to   space 1024K, 0% used [0x00000000d6700000,0x00000000d6700000,0x00000000d6800000)
 ParOldGen       total 68608K, used 64862K [0x0000000080000000, 0x0000000084300000, 0x00000000d5580000)
  object space 68608K, 94% used [0x0000000080000000,0x0000000083f57bf0,0x0000000084300000)
 Metaspace       used 56836K, committed 58240K, reserved 1114112K
  class space    used 6113K, committed 6720K, reserved 1048576K
}
Event: 12.733 GC heap after
{Heap after GC invocations=60 (full 2):
 PSYoungGen      total 17920K, used 512K [0x00000000d5580000, 0x00000000d6800000, 0x0000000100000000)
  eden space 16896K, 0% used [0x00000000d5580000,0x00000000d5580000,0x00000000d6600000)
  from space 1024K, 50% used [0x00000000d6700000,0x00000000d6780000,0x00000000d6800000)
  to   space 1024K, 0% used [0x00000000d6600000,0x00000000d6600000,0x00000000d6700000)
 ParOldGen       total 68608K, used 65646K [0x0000000080000000, 0x0000000084300000, 0x00000000d5580000)
  object space 68608K, 95% used [0x0000000080000000,0x000000008401ba40,0x0000000084300000)
 Metaspace       used 56836K, committed 58240K, reserved 1114112K
  class space    used 6113K, committed 6720K, reserved 1048576K
}
Event: 12.766 GC heap before
{Heap before GC invocations=61 (full 2):
 PSYoungGen      total 17920K, used 17408K [0x00000000d5580000, 0x00000000d6800000, 0x0000000100000000)
  eden space 16896K, 100% used [0x00000000d5580000,0x00000000d6600000,0x00000000d6600000)
  from space 1024K, 50% used [0x00000000d6700000,0x00000000d6780000,0x00000000d6800000)
  to   space 1024K, 0% used [0x00000000d6600000,0x00000000d6600000,0x00000000d6700000)
 ParOldGen       total 68608K, used 65646K [0x0000000080000000, 0x0000000084300000, 0x00000000d5580000)
  object space 68608K, 95% used [0x0000000080000000,0x000000008401ba40,0x0000000084300000)
 Metaspace       used 56846K, committed 58240K, reserved 1114112K
  class space    used 6113K, committed 6720K, reserved 1048576K
}
Event: 12.767 GC heap after
{Heap after GC invocations=61 (full 2):
 PSYoungGen      total 17920K, used 588K [0x00000000d5580000, 0x00000000d6800000, 0x0000000100000000)
  eden space 16896K, 0% used [0x00000000d5580000,0x00000000d5580000,0x00000000d6600000)
  from space 1024K, 57% used [0x00000000d6600000,0x00000000d6693138,0x00000000d6700000)
  to   space 1024K, 0% used [0x00000000d6700000,0x00000000d6700000,0x00000000d6800000)
 ParOldGen       total 68608K, used 66062K [0x0000000080000000, 0x0000000084300000, 0x00000000d5580000)
  object space 68608K, 96% used [0x0000000080000000,0x0000000084083a40,0x0000000084300000)
 Metaspace       used 56846K, committed 58240K, reserved 1114112K
  class space    used 6113K, committed 6720K, reserved 1048576K
}
Event: 12.790 GC heap before
{Heap before GC invocations=62 (full 2):
 PSYoungGen      total 17920K, used 17484K [0x00000000d5580000, 0x00000000d6800000, 0x0000000100000000)
  eden space 16896K, 100% used [0x00000000d5580000,0x00000000d6600000,0x00000000d6600000)
  from space 1024K, 57% used [0x00000000d6600000,0x00000000d6693138,0x00000000d6700000)
  to   space 1024K, 0% used [0x00000000d6700000,0x00000000d6700000,0x00000000d6800000)
 ParOldGen       total 68608K, used 66062K [0x0000000080000000, 0x0000000084300000, 0x00000000d5580000)
  object space 68608K, 96% used [0x0000000080000000,0x0000000084083a40,0x0000000084300000)
 Metaspace       used 56847K, committed 58240K, reserved 1114112K
  class space    used 6113K, committed 6720K, reserved 1048576K
}
Event: 12.791 GC heap after
{Heap after GC invocations=62 (full 2):
 PSYoungGen      total 17408K, used 352K [0x00000000d5580000, 0x00000000d6780000, 0x0000000100000000)
  eden space 16896K, 0% used [0x00000000d5580000,0x00000000d5580000,0x00000000d6600000)
  from space 512K, 68% used [0x00000000d6700000,0x00000000d6758000,0x00000000d6780000)
  to   space 512K, 0% used [0x00000000d6680000,0x00000000d6680000,0x00000000d6700000)
 ParOldGen       total 68608K, used 66531K [0x0000000080000000, 0x0000000084300000, 0x00000000d5580000)
  object space 68608K, 96% used [0x0000000080000000,0x00000000840f8ee0,0x0000000084300000)
 Metaspace       used 56847K, committed 58240K, reserved 1114112K
  class space    used 6113K, committed 6720K, reserved 1048576K
}
Event: 12.823 GC heap before
{Heap before GC invocations=63 (full 2):
 PSYoungGen      total 17408K, used 17248K [0x00000000d5580000, 0x00000000d6780000, 0x0000000100000000)
  eden space 16896K, 100% used [0x00000000d5580000,0x00000000d6600000,0x00000000d6600000)
  from space 512K, 68% used [0x00000000d6700000,0x00000000d6758000,0x00000000d6780000)
  to   space 512K, 0% used [0x00000000d6680000,0x00000000d6680000,0x00000000d6700000)
 ParOldGen       total 68608K, used 66531K [0x0000000080000000, 0x0000000084300000, 0x00000000d5580000)
  object space 68608K, 96% used [0x0000000080000000,0x00000000840f8ee0,0x0000000084300000)
 Metaspace       used 56854K, committed 58240K, reserved 1114112K
  class space    used 6113K, committed 6720K, reserved 1048576K
}
Event: 12.825 GC heap after
{Heap after GC invocations=63 (full 2):
 PSYoungGen      total 17408K, used 416K [0x00000000d5580000, 0x00000000d6780000, 0x0000000100000000)
  eden space 16896K, 0% used [0x00000000d5580000,0x00000000d5580000,0x00000000d6600000)
  from space 512K, 81% used [0x00000000d6680000,0x00000000d66e8000,0x00000000d6700000)
  to   space 512K, 0% used [0x00000000d6700000,0x00000000d6700000,0x00000000d6780000)
 ParOldGen       total 68608K, used 66707K [0x0000000080000000, 0x0000000084300000, 0x00000000d5580000)
  object space 68608K, 97% used [0x0000000080000000,0x0000000084124ee0,0x0000000084300000)
 Metaspace       used 56854K, committed 58240K, reserved 1114112K
  class space    used 6113K, committed 6720K, reserved 1048576K
}
Event: 13.151 GC heap before
{Heap before GC invocations=64 (full 2):
 PSYoungGen      total 17408K, used 17312K [0x00000000d5580000, 0x00000000d6780000, 0x0000000100000000)
  eden space 16896K, 100% used [0x00000000d5580000,0x00000000d6600000,0x00000000d6600000)
  from space 512K, 81% used [0x00000000d6680000,0x00000000d66e8000,0x00000000d6700000)
  to   space 512K, 0% used [0x00000000d6700000,0x00000000d6700000,0x00000000d6780000)
 ParOldGen       total 68608K, used 66707K [0x0000000080000000, 0x0000000084300000, 0x00000000d5580000)
  object space 68608K, 97% used [0x0000000080000000,0x0000000084124ee0,0x0000000084300000)
 Metaspace       used 58026K, committed 59392K, reserved 1114112K
  class space    used 6232K, committed 6848K, reserved 1048576K
}
Event: 13.158 GC heap after
{Heap after GC invocations=64 (full 2):
 PSYoungGen      total 16384K, used 494K [0x00000000d5580000, 0x00000000d6a00000, 0x0000000100000000)
  eden space 15872K, 0% used [0x00000000d5580000,0x00000000d5580000,0x00000000d6500000)
  from space 512K, 96% used [0x00000000d6700000,0x00000000d677ba40,0x00000000d6780000)
  to   space 2048K, 0% used [0x00000000d6500000,0x00000000d6500000,0x00000000d6700000)
 ParOldGen       total 68608K, used 67644K [0x0000000080000000, 0x0000000084300000, 0x00000000d5580000)
  object space 68608K, 98% used [0x0000000080000000,0x000000008420f380,0x0000000084300000)
 Metaspace       used 58026K, committed 59392K, reserved 1114112K
  class space    used 6232K, committed 6848K, reserved 1048576K
}
Event: 13.338 GC heap before
{Heap before GC invocations=65 (full 2):
 PSYoungGen      total 16384K, used 5411K [0x00000000d5580000, 0x00000000d6a00000, 0x0000000100000000)
  eden space 15872K, 30% used [0x00000000d5580000,0x00000000d5a4d3e0,0x00000000d6500000)
  from space 512K, 96% used [0x00000000d6700000,0x00000000d677ba40,0x00000000d6780000)
  to   space 2048K, 0% used [0x00000000d6500000,0x00000000d6500000,0x00000000d6700000)
 ParOldGen       total 68608K, used 67644K [0x0000000080000000, 0x0000000084300000, 0x00000000d5580000)
  object space 68608K, 98% used [0x0000000080000000,0x000000008420f380,0x0000000084300000)
 Metaspace       used 58424K, committed 59776K, reserved 1114112K
  class space    used 6268K, committed 6912K, reserved 1048576K
}
Event: 13.341 GC heap after
{Heap after GC invocations=65 (full 2):
 PSYoungGen      total 17920K, used 804K [0x00000000d5580000, 0x00000000d6900000, 0x0000000100000000)
  eden space 15872K, 0% used [0x00000000d5580000,0x00000000d5580000,0x00000000d6500000)
  from space 2048K, 39% used [0x00000000d6500000,0x00000000d65c9210,0x00000000d6700000)
  to   space 1536K, 0% used [0x00000000d6780000,0x00000000d6780000,0x00000000d6900000)
 ParOldGen       total 68608K, used 68145K [0x0000000080000000, 0x0000000084300000, 0x00000000d5580000)
  object space 68608K, 99% used [0x0000000080000000,0x000000008428c580,0x0000000084300000)
 Metaspace       used 58424K, committed 59776K, reserved 1114112K
  class space    used 6268K, committed 6912K, reserved 1048576K
}
Event: 13.341 GC heap before
{Heap before GC invocations=66 (full 3):
 PSYoungGen      total 17920K, used 804K [0x00000000d5580000, 0x00000000d6900000, 0x0000000100000000)
  eden space 15872K, 0% used [0x00000000d5580000,0x00000000d5580000,0x00000000d6500000)
  from space 2048K, 39% used [0x00000000d6500000,0x00000000d65c9210,0x00000000d6700000)
  to   space 1536K, 0% used [0x00000000d6780000,0x00000000d6780000,0x00000000d6900000)
 ParOldGen       total 68608K, used 68145K [0x0000000080000000, 0x0000000084300000, 0x00000000d5580000)
  object space 68608K, 99% used [0x0000000080000000,0x000000008428c580,0x0000000084300000)
 Metaspace       used 58424K, committed 59776K, reserved 1114112K
  class space    used 6268K, committed 6912K, reserved 1048576K
}
Event: 13.468 GC heap after
{Heap after GC invocations=66 (full 3):
 PSYoungGen      total 17920K, used 0K [0x00000000d5580000, 0x00000000d6900000, 0x0000000100000000)
  eden space 15872K, 0% used [0x00000000d5580000,0x00000000d5580000,0x00000000d6500000)
  from space 2048K, 0% used [0x00000000d6500000,0x00000000d6500000,0x00000000d6700000)
  to   space 1536K, 0% used [0x00000000d6780000,0x00000000d6780000,0x00000000d6900000)
 ParOldGen       total 68608K, used 54078K [0x0000000080000000, 0x0000000084300000, 0x00000000d5580000)
  object space 68608K, 78% used [0x0000000080000000,0x00000000834cf878,0x0000000084300000)
 Metaspace       used 58422K, committed 59776K, reserved 1114112K
  class space    used 6267K, committed 6912K, reserved 1048576K
}
Event: 13.707 GC heap before
{Heap before GC invocations=67 (full 3):
 PSYoungGen      total 17920K, used 15872K [0x00000000d5580000, 0x00000000d6900000, 0x0000000100000000)
  eden space 15872K, 100% used [0x00000000d5580000,0x00000000d6500000,0x00000000d6500000)
  from space 2048K, 0% used [0x00000000d6500000,0x00000000d6500000,0x00000000d6700000)
  to   space 1536K, 0% used [0x00000000d6780000,0x00000000d6780000,0x00000000d6900000)
 ParOldGen       total 68608K, used 54078K [0x0000000080000000, 0x0000000084300000, 0x00000000d5580000)
  object space 68608K, 78% used [0x0000000080000000,0x00000000834cf878,0x0000000084300000)
 Metaspace       used 58786K, committed 60160K, reserved 1114112K
  class space    used 6302K, committed 6912K, reserved 1048576K
}
Event: 13.709 GC heap after
{Heap after GC invocations=67 (full 3):
 PSYoungGen      total 16896K, used 778K [0x00000000d5580000, 0x00000000d6880000, 0x0000000100000000)
  eden space 15872K, 0% used [0x00000000d5580000,0x00000000d5580000,0x00000000d6500000)
  from space 1024K, 76% used [0x00000000d6780000,0x00000000d6842910,0x00000000d6880000)
  to   space 1024K, 0% used [0x00000000d6680000,0x00000000d6680000,0x00000000d6780000)
 ParOldGen       total 68608K, used 54086K [0x0000000080000000, 0x0000000084300000, 0x00000000d5580000)
  object space 68608K, 78% used [0x0000000080000000,0x00000000834d1878,0x0000000084300000)
 Metaspace       used 58786K, committed 60160K, reserved 1114112K
  class space    used 6302K, committed 6912K, reserved 1048576K
}

