# JRE version: OpenJDK Runtime Environment Temurin-21.0.9+10 (21.0.9+10) (build 21.0.9+10-LTS)
# Java VM: OpenJDK 64-Bit Server VM Temurin-21.0.9+10 (21.0.9+10-LTS, mixed mode, sharing, tiered, compressed oops, compressed class ptrs, parallel gc, windows-amd64)
GC Precious Log:
 CardTable entry size: 512
 CPUs: 8 total, 8 available
 Memory: 7939M
 Large Page Support: Disabled
 NUMA Support: Disabled
 Compressed Oops: Enabled (32-bit)
 Alignments: Space 512K, Generation 512K, Heap 2M
 Heap Min Capacity: 100M
 Heap Initial Capacity: 100M
 Heap Max Capacity: 2G
 Pre-touch: Disabled
 Parallel Workers: 8
Heap:
 PSYoungGen      total 22016K, used 14447K [0x00000000d5580000, 0x00000000d6c80000, 0x0000000100000000)
  eden space 20480K, 63% used [0x00000000d5580000,0x00000000d6247268,0x00000000d6980000)
  from space 1536K, 88% used [0x00000000d6980000,0x00000000d6ad4c88,0x00000000d6b00000)
  to   space 1536K, 0% used [0x00000000d6b00000,0x00000000d6b00000,0x00000000d6c80000)
 ParOldGen       total 68608K, used 60993K [0x0000000080000000, 0x0000000084300000, 0x00000000d5580000)
  object space 68608K, 88% used [0x0000000080000000,0x0000000083b90480,0x0000000084300000)
 Metaspace       used 60392K, committed 61824K, reserved 1114112K
  class space    used 6469K, committed 7104K, reserved 1048576K
GC Heap History (20 events):
Event: 26.653 GC heap before
{Heap before GC invocations=45 (full 2):
 PSYoungGen      total 21504K, used 21504K [0x00000000d5580000, 0x00000000d6e80000, 0x0000000100000000)
  eden space 20480K, 100% used [0x00000000d5580000,0x00000000d6980000,0x00000000d6980000)
  from space 1024K, 100% used [0x00000000d6b80000,0x00000000d6c80000,0x00000000d6c80000)
  to   space 2048K, 0% used [0x00000000d6980000,0x00000000d6980000,0x00000000d6b80000)
 ParOldGen       total 68608K, used 55494K [0x0000000080000000, 0x0000000084300000, 0x00000000d5580000)
  object space 68608K, 80% used [0x0000000080000000,0x0000000083631980,0x0000000084300000)
 Metaspace       used 55889K, committed 57280K, reserved 1114112K
  class space    used 6028K, committed 6656K, reserved 1048576K
}
Event: 26.655 GC heap after
{Heap after GC invocations=45 (full 2):
 PSYoungGen      total 22016K, used 1225K [0x00000000d5580000, 0x00000000d6c80000, 0x0000000100000000)
  eden space 20480K, 0% used [0x00000000d5580000,0x00000000d5580000,0x00000000d6980000)
  from space 1536K, 79% used [0x00000000d6980000,0x00000000d6ab2630,0x00000000d6b00000)
  to   space 1536K, 0% used [0x00000000d6b00000,0x00000000d6b00000,0x00000000d6c80000)
 ParOldGen       total 68608K, used 56238K [0x0000000080000000, 0x0000000084300000, 0x00000000d5580000)
  object space 68608K, 81% used [0x0000000080000000,0x00000000836eb9a0,0x0000000084300000)
 Metaspace       used 55889K, committed 57280K, reserved 1114112K
  class space    used 6028K, committed 6656K, reserved 1048576K
}
Event: 26.838 GC heap before
{Heap before GC invocations=46 (full 2):
 PSYoungGen      total 22016K, used 21705K [0x00000000d5580000, 0x00000000d6c80000, 0x0000000100000000)
  eden space 20480K, 100% used [0x00000000d5580000,0x00000000d6980000,0x00000000d6980000)
  from space 1536K, 79% used [0x00000000d6980000,0x00000000d6ab2630,0x00000000d6b00000)
  to   space 1536K, 0% used [0x00000000d6b00000,0x00000000d6b00000,0x00000000d6c80000)
 ParOldGen       total 68608K, used 56238K [0x0000000080000000, 0x0000000084300000, 0x00000000d5580000)
  object space 68608K, 81% used [0x0000000080000000,0x00000000836eb9a0,0x0000000084300000)
 Metaspace       used 55904K, committed 57280K, reserved 1114112K
  class space    used 6028K, committed 6656K, reserved 1048576K
}
Event: 26.842 GC heap after
{Heap after GC invocations=46 (full 2):
 PSYoungGen      total 21504K, used 640K [0x00000000d5580000, 0x00000000d6c00000, 0x0000000100000000)
  eden space 20480K, 0% used [0x00000000d5580000,0x00000000d5580000,0x00000000d6980000)
  from space 1024K, 62% used [0x00000000d6b00000,0x00000000d6ba0000,0x00000000d6c00000)
  to   space 1024K, 0% used [0x00000000d6a00000,0x00000000d6a00000,0x00000000d6b00000)
 ParOldGen       total 68608K, used 57339K [0x0000000080000000, 0x0000000084300000, 0x00000000d5580000)
  object space 68608K, 83% used [0x0000000080000000,0x00000000837fedc0,0x0000000084300000)
 Metaspace       used 55904K, committed 57280K, reserved 1114112K
  class space    used 6028K, committed 6656K, reserved 1048576K
}
Event: 27.369 GC heap before
{Heap before GC invocations=47 (full 2):
 PSYoungGen      total 21504K, used 21120K [0x00000000d5580000, 0x00000000d6c00000, 0x0000000100000000)
  eden space 20480K, 100% used [0x00000000d5580000,0x00000000d6980000,0x00000000d6980000)
  from space 1024K, 62% used [0x00000000d6b00000,0x00000000d6ba0000,0x00000000d6c00000)
  to   space 1024K, 0% used [0x00000000d6a00000,0x00000000d6a00000,0x00000000d6b00000)
 ParOldGen       total 68608K, used 57339K [0x0000000080000000, 0x0000000084300000, 0x00000000d5580000)
  object space 68608K, 83% used [0x0000000080000000,0x00000000837fedc0,0x0000000084300000)
 Metaspace       used 57072K, committed 58560K, reserved 1114112K
  class space    used 6171K, committed 6848K, reserved 1048576K
}
Event: 27.373 GC heap after
{Heap after GC invocations=47 (full 2):
 PSYoungGen      total 21504K, used 1024K [0x00000000d5580000, 0x00000000d6e80000, 0x0000000100000000)
  eden space 20480K, 0% used [0x00000000d5580000,0x00000000d5580000,0x00000000d6980000)
  from space 1024K, 100% used [0x00000000d6a00000,0x00000000d6b00000,0x00000000d6b00000)
  to   space 2560K, 0% used [0x00000000d6c00000,0x00000000d6c00000,0x00000000d6e80000)
 ParOldGen       total 68608K, used 58370K [0x0000000080000000, 0x0000000084300000, 0x00000000d5580000)
  object space 68608K, 85% used [0x0000000080000000,0x0000000083900978,0x0000000084300000)
 Metaspace       used 57072K, committed 58560K, reserved 1114112K
  class space    used 6171K, committed 6848K, reserved 1048576K
}
Event: 27.899 GC heap before
{Heap before GC invocations=48 (full 2):
 PSYoungGen      total 21504K, used 21504K [0x00000000d5580000, 0x00000000d6e80000, 0x0000000100000000)
  eden space 20480K, 100% used [0x00000000d5580000,0x00000000d6980000,0x00000000d6980000)
  from space 1024K, 100% used [0x00000000d6a00000,0x00000000d6b00000,0x00000000d6b00000)
  to   space 2560K, 0% used [0x00000000d6c00000,0x00000000d6c00000,0x00000000d6e80000)
 ParOldGen       total 68608K, used 58370K [0x0000000080000000, 0x0000000084300000, 0x00000000d5580000)
  object space 68608K, 85% used [0x0000000080000000,0x0000000083900978,0x0000000084300000)
 Metaspace       used 57512K, committed 59008K, reserved 1114112K
  class space    used 6220K, committed 6848K, reserved 1048576K
}
Event: 27.903 GC heap after
{Heap after GC invocations=48 (full 2):
 PSYoungGen      total 22528K, used 1742K [0x00000000d5580000, 0x00000000d6e00000, 0x0000000100000000)
  eden space 20480K, 0% used [0x00000000d5580000,0x00000000d5580000,0x00000000d6980000)
  from space 2048K, 85% used [0x00000000d6c00000,0x00000000d6db3b40,0x00000000d6e00000)
  to   space 2048K, 0% used [0x00000000d6a00000,0x00000000d6a00000,0x00000000d6c00000)
 ParOldGen       total 68608K, used 59317K [0x0000000080000000, 0x0000000084300000, 0x00000000d5580000)
  object space 68608K, 86% used [0x0000000080000000,0x00000000839ed4d8,0x0000000084300000)
 Metaspace       used 57512K, committed 59008K, reserved 1114112K
  class space    used 6220K, committed 6848K, reserved 1048576K
}
Event: 28.249 GC heap before
{Heap before GC invocations=49 (full 2):
 PSYoungGen      total 22528K, used 21255K [0x00000000d5580000, 0x00000000d6e00000, 0x0000000100000000)
  eden space 20480K, 95% used [0x00000000d5580000,0x00000000d688e180,0x00000000d6980000)
  from space 2048K, 85% used [0x00000000d6c00000,0x00000000d6db3b40,0x00000000d6e00000)
  to   space 2048K, 0% used [0x00000000d6a00000,0x00000000d6a00000,0x00000000d6c00000)
 ParOldGen       total 68608K, used 59317K [0x0000000080000000, 0x0000000084300000, 0x00000000d5580000)
  object space 68608K, 86% used [0x0000000080000000,0x00000000839ed4d8,0x0000000084300000)
 Metaspace       used 58281K, committed 59776K, reserved 1114112K
  class space    used 6296K, committed 6976K, reserved 1048576K
}
Event: 28.254 GC heap after
{Heap after GC invocations=49 (full 2):
 PSYoungGen      total 22528K, used 1635K [0x00000000d5580000, 0x00000000d6d80000, 0x0000000100000000)
  eden space 20480K, 0% used [0x00000000d5580000,0x00000000d5580000,0x00000000d6980000)
  from space 2048K, 79% used [0x00000000d6a00000,0x00000000d6b98c40,0x00000000d6c00000)
  to   space 1536K, 0% used [0x00000000d6c00000,0x00000000d6c00000,0x00000000d6d80000)
 ParOldGen       total 68608K, used 60589K [0x0000000080000000, 0x0000000084300000, 0x00000000d5580000)
  object space 68608K, 88% used [0x0000000080000000,0x0000000083b2b5e8,0x0000000084300000)
 Metaspace       used 58281K, committed 59776K, reserved 1114112K
  class space    used 6296K, committed 6976K, reserved 1048576K
}
Event: 28.254 GC heap before
{Heap before GC invocations=50 (full 3):
 PSYoungGen      total 22528K, used 1635K [0x00000000d5580000, 0x00000000d6d80000, 0x0000000100000000)
  eden space 20480K, 0% used [0x00000000d5580000,0x00000000d5580000,0x00000000d6980000)
  from space 2048K, 79% used [0x00000000d6a00000,0x00000000d6b98c40,0x00000000d6c00000)
  to   space 1536K, 0% used [0x00000000d6c00000,0x00000000d6c00000,0x00000000d6d80000)
 ParOldGen       total 68608K, used 60589K [0x0000000080000000, 0x0000000084300000, 0x00000000d5580000)
  object space 68608K, 88% used [0x0000000080000000,0x0000000083b2b5e8,0x0000000084300000)
 Metaspace       used 58281K, committed 59776K, reserved 1114112K
  class space    used 6296K, committed 6976K, reserved 1048576K
}
Event: 28.485 GC heap after
{Heap after GC invocations=50 (full 3):
 PSYoungGen      total 22528K, used 0K [0x00000000d5580000, 0x00000000d6d80000, 0x0000000100000000)
  eden space 20480K, 0% used [0x00000000d5580000,0x00000000d5580000,0x00000000d6980000)
  from space 2048K, 0% used [0x00000000d6a00000,0x00000000d6a00000,0x00000000d6c00000)
  to   space 1536K, 0% used [0x00000000d6c00000,0x00000000d6c00000,0x00000000d6d80000)
 ParOldGen       total 68608K, used 57501K [0x0000000080000000, 0x0000000084300000, 0x00000000d5580000)
  object space 68608K, 83% used [0x0000000080000000,0x0000000083827580,0x0000000084300000)
 Metaspace       used 58274K, committed 59776K, reserved 1114112K
  class space    used 6294K, committed 6976K, reserved 1048576K
}
Event: 28.720 GC heap before
{Heap before GC invocations=51 (full 3):
 PSYoungGen      total 22528K, used 20458K [0x00000000d5580000, 0x00000000d6d80000, 0x0000000100000000)
  eden space 20480K, 99% used [0x00000000d5580000,0x00000000d697ab88,0x00000000d6980000)
  from space 2048K, 0% used [0x00000000d6a00000,0x00000000d6a00000,0x00000000d6c00000)
  to   space 1536K, 0% used [0x00000000d6c00000,0x00000000d6c00000,0x00000000d6d80000)
 ParOldGen       total 68608K, used 57501K [0x0000000080000000, 0x0000000084300000, 0x00000000d5580000)
  object space 68608K, 83% used [0x0000000080000000,0x0000000083827580,0x0000000084300000)
 Metaspace       used 58612K, committed 60096K, reserved 1114112K
  class space    used 6313K, committed 6976K, reserved 1048576K
}
Event: 28.722 GC heap after
{Heap after GC invocations=51 (full 3):
 PSYoungGen      total 22016K, used 1529K [0x00000000d5580000, 0x00000000d6e80000, 0x0000000100000000)
  eden space 20480K, 0% used [0x00000000d5580000,0x00000000d5580000,0x00000000d6980000)
  from space 1536K, 99% used [0x00000000d6c00000,0x00000000d6d7e5e8,0x00000000d6d80000)
  to   space 2560K, 0% used [0x00000000d6980000,0x00000000d6980000,0x00000000d6c00000)
 ParOldGen       total 68608K, used 58005K [0x0000000080000000, 0x0000000084300000, 0x00000000d5580000)
  object space 68608K, 84% used [0x0000000080000000,0x00000000838a5580,0x0000000084300000)
 Metaspace       used 58612K, committed 60096K, reserved 1114112K
  class space    used 6313K, committed 6976K, reserved 1048576K
}
Event: 29.384 GC heap before
{Heap before GC invocations=52 (full 3):
 PSYoungGen      total 22016K, used 22009K [0x00000000d5580000, 0x00000000d6e80000, 0x0000000100000000)
  eden space 20480K, 100% used [0x00000000d5580000,0x00000000d6980000,0x00000000d6980000)
  from space 1536K, 99% used [0x00000000d6c00000,0x00000000d6d7e5e8,0x00000000d6d80000)
  to   space 2560K, 0% used [0x00000000d6980000,0x00000000d6980000,0x00000000d6c00000)
 ParOldGen       total 68608K, used 58005K [0x0000000080000000, 0x0000000084300000, 0x00000000d5580000)
  object space 68608K, 84% used [0x0000000080000000,0x00000000838a5580,0x0000000084300000)
 Metaspace       used 59261K, committed 60800K, reserved 1114112K
  class space    used 6390K, committed 7040K, reserved 1048576K
}
Event: 29.391 GC heap after
{Heap after GC invocations=52 (full 3):
 PSYoungGen      total 22528K, used 2009K [0x00000000d5580000, 0x00000000d6d80000, 0x0000000100000000)
  eden space 20480K, 0% used [0x00000000d5580000,0x00000000d5580000,0x00000000d6980000)
  from space 2048K, 98% used [0x00000000d6980000,0x00000000d6b76628,0x00000000d6b80000)
  to   space 2048K, 0% used [0x00000000d6b80000,0x00000000d6b80000,0x00000000d6d80000)
 ParOldGen       total 68608K, used 59092K [0x0000000080000000, 0x0000000084300000, 0x00000000d5580000)
  object space 68608K, 86% used [0x0000000080000000,0x00000000839b5128,0x0000000084300000)
 Metaspace       used 59261K, committed 60800K, reserved 1114112K
  class space    used 6390K, committed 7040K, reserved 1048576K
}
Event: 30.289 GC heap before
{Heap before GC invocations=53 (full 3):
 PSYoungGen      total 22528K, used 22488K [0x00000000d5580000, 0x00000000d6d80000, 0x0000000100000000)
  eden space 20480K, 99% used [0x00000000d5580000,0x00000000d697fa88,0x00000000d6980000)
  from space 2048K, 98% used [0x00000000d6980000,0x00000000d6b76628,0x00000000d6b80000)
  to   space 2048K, 0% used [0x00000000d6b80000,0x00000000d6b80000,0x00000000d6d80000)
 ParOldGen       total 68608K, used 59092K [0x0000000080000000, 0x0000000084300000, 0x00000000d5580000)
  object space 68608K, 86% used [0x0000000080000000,0x00000000839b5128,0x0000000084300000)
 Metaspace       used 59945K, committed 61440K, reserved 1114112K
  class space    used 6435K, committed 7104K, reserved 1048576K
}
Event: 30.292 GC heap after
{Heap after GC invocations=53 (full 3):
 PSYoungGen      total 21504K, used 704K [0x00000000d5580000, 0x00000000d6c80000, 0x0000000100000000)
  eden space 20480K, 0% used [0x00000000d5580000,0x00000000d5580000,0x00000000d6980000)
  from space 1024K, 68% used [0x00000000d6b80000,0x00000000d6c30020,0x00000000d6c80000)
  to   space 1536K, 0% used [0x00000000d6980000,0x00000000d6980000,0x00000000d6b00000)
 ParOldGen       total 68608K, used 60529K [0x0000000080000000, 0x0000000084300000, 0x00000000d5580000)
  object space 68608K, 88% used [0x0000000080000000,0x0000000083b1c5d0,0x0000000084300000)
 Metaspace       used 59945K, committed 61440K, reserved 1114112K
  class space    used 6435K, committed 7104K, reserved 1048576K
}
Event: 31.121 GC heap before
{Heap before GC invocations=54 (full 3):
 PSYoungGen      total 21504K, used 21115K [0x00000000d5580000, 0x00000000d6c80000, 0x0000000100000000)
  eden space 20480K, 99% used [0x00000000d5580000,0x00000000d696ec30,0x00000000d6980000)
  from space 1024K, 68% used [0x00000000d6b80000,0x00000000d6c30020,0x00000000d6c80000)
  to   space 1536K, 0% used [0x00000000d6980000,0x00000000d6980000,0x00000000d6b00000)
 ParOldGen       total 68608K, used 60529K [0x0000000080000000, 0x0000000084300000, 0x00000000d5580000)
  object space 68608K, 88% used [0x0000000080000000,0x0000000083b1c5d0,0x0000000084300000)
 Metaspace       used 60013K, committed 61504K, reserved 1114112K
  class space    used 6440K, committed 7104K, reserved 1048576K
}
Event: 31.124 GC heap after
{Heap after GC invocations=54 (full 3):
 PSYoungGen      total 22016K, used 1363K [0x00000000d5580000, 0x00000000d6c80000, 0x0000000100000000)
  eden space 20480K, 0% used [0x00000000d5580000,0x00000000d5580000,0x00000000d6980000)
  from space 1536K, 88% used [0x00000000d6980000,0x00000000d6ad4c88,0x00000000d6b00000)
  to   space 1536K, 0% used [0x00000000d6b00000,0x00000000d6b00000,0x00000000d6c80000)
 ParOldGen       total 68608K, used 60993K [0x0000000080000000, 0x0000000084300000, 0x00000000d5580000)
  object space 68608K, 88% used [0x0000000080000000,0x0000000083b90480,0x0000000084300000)
 Metaspace       used 60013K, committed 61504K, reserved 1114112K
  class space    used 6440K, committed 7104K, reserved 1048576K
}

