# JRE version: OpenJDK Runtime Environment Temurin-21.0.9+10 (21.0.9+10) (build 21.0.9+10-LTS)
# Java VM: OpenJDK 64-Bit Server VM Temurin-21.0.9+10 (21.0.9+10-LTS, mixed mode, sharing, tiered, compressed oops, compressed class ptrs, parallel gc, windows-amd64)
GC Precious Log:
 CardTable entry size: 512
 CPUs: 8 total, 8 available
 Memory: 7939M
 Large Page Support: Disabled
 NUMA Support: Disabled
 Compressed Oops: Enabled (32-bit)
 Alignments: Space 512K, Generation 512K, Heap 2M
 Heap Min Capacity: 100M
 Heap Initial Capacity: 100M
 Heap Max Capacity: 2G
 Pre-touch: Disabled
 Parallel Workers: 8
Heap:
 PSYoungGen      total 15360K, used 4781K [0x00000000d5580000, 0x00000000d6580000, 0x0000000100000000)
  eden space 14848K, 30% used [0x00000000d5580000,0x00000000d59fb648,0x00000000d6400000)
  from space 512K, 37% used [0x00000000d6480000,0x00000000d64b0000,0x00000000d6500000)
  to   space 512K, 0% used [0x00000000d6500000,0x00000000d6500000,0x00000000d6580000)
 ParOldGen       total 118784K, used 118730K [0x0000000080000000, 0x0000000087400000, 0x00000000d5580000)
  object space 118784K, 99% used [0x0000000080000000,0x00000000873f2af0,0x0000000087400000)
 Metaspace       used 72581K, committed 74240K, reserved 1179648K
  class space    used 7645K, committed 8320K, reserved 1048576K
GC Heap History (20 events):
Event: 154.519 GC heap before
{Heap before GC invocations=109 (full 3):
 PSYoungGen      total 15872K, used 15360K [0x00000000d5580000, 0x00000000d6680000, 0x0000000100000000)
  eden space 14848K, 100% used [0x00000000d5580000,0x00000000d6400000,0x00000000d6400000)
  from space 1024K, 50% used [0x00000000d6480000,0x00000000d6500000,0x00000000d6580000)
  to   space 1024K, 0% used [0x00000000d6580000,0x00000000d6580000,0x00000000d6680000)
 ParOldGen       total 118272K, used 118058K [0x0000000080000000, 0x0000000087380000, 0x00000000d5580000)
  object space 118272K, 99% used [0x0000000080000000,0x000000008734aaf0,0x0000000087380000)
 Metaspace       used 72387K, committed 74112K, reserved 1179648K
  class space    used 7633K, committed 8320K, reserved 1048576K
}
Event: 154.520 GC heap after
{Heap after GC invocations=109 (full 3):
 PSYoungGen      total 15872K, used 986K [0x00000000d5580000, 0x00000000d6700000, 0x0000000100000000)
  eden space 14848K, 0% used [0x00000000d5580000,0x00000000d5580000,0x00000000d6400000)
  from space 1024K, 96% used [0x00000000d6580000,0x00000000d6676900,0x00000000d6680000)
  to   space 1536K, 0% used [0x00000000d6400000,0x00000000d6400000,0x00000000d6580000)
 ParOldGen       total 118272K, used 118098K [0x0000000080000000, 0x0000000087380000, 0x00000000d5580000)
  object space 118272K, 99% used [0x0000000080000000,0x0000000087354af0,0x0000000087380000)
 Metaspace       used 72387K, committed 74112K, reserved 1179648K
  class space    used 7633K, committed 8320K, reserved 1048576K
}
Event: 154.551 GC heap before
{Heap before GC invocations=110 (full 3):
 PSYoungGen      total 15872K, used 15105K [0x00000000d5580000, 0x00000000d6700000, 0x0000000100000000)
  eden space 14848K, 95% used [0x00000000d5580000,0x00000000d6349c08,0x00000000d6400000)
  from space 1024K, 96% used [0x00000000d6580000,0x00000000d6676900,0x00000000d6680000)
  to   space 1536K, 0% used [0x00000000d6400000,0x00000000d6400000,0x00000000d6580000)
 ParOldGen       total 118272K, used 118098K [0x0000000080000000, 0x0000000087380000, 0x00000000d5580000)
  object space 118272K, 99% used [0x0000000080000000,0x0000000087354af0,0x0000000087380000)
 Metaspace       used 72392K, committed 74112K, reserved 1179648K
  class space    used 7633K, committed 8320K, reserved 1048576K
}
Event: 154.552 GC heap after
{Heap after GC invocations=110 (full 3):
 PSYoungGen      total 15360K, used 314K [0x00000000d5580000, 0x00000000d6600000, 0x0000000100000000)
  eden space 14848K, 0% used [0x00000000d5580000,0x00000000d5580000,0x00000000d6400000)
  from space 512K, 61% used [0x00000000d6400000,0x00000000d644e900,0x00000000d6480000)
  to   space 1024K, 0% used [0x00000000d6500000,0x00000000d6500000,0x00000000d6600000)
 ParOldGen       total 118272K, used 118146K [0x0000000080000000, 0x0000000087380000, 0x00000000d5580000)
  object space 118272K, 99% used [0x0000000080000000,0x0000000087360af0,0x0000000087380000)
 Metaspace       used 72392K, committed 74112K, reserved 1179648K
  class space    used 7633K, committed 8320K, reserved 1048576K
}
Event: 154.579 GC heap before
{Heap before GC invocations=111 (full 3):
 PSYoungGen      total 15360K, used 15162K [0x00000000d5580000, 0x00000000d6600000, 0x0000000100000000)
  eden space 14848K, 100% used [0x00000000d5580000,0x00000000d6400000,0x00000000d6400000)
  from space 512K, 61% used [0x00000000d6400000,0x00000000d644e900,0x00000000d6480000)
  to   space 1024K, 0% used [0x00000000d6500000,0x00000000d6500000,0x00000000d6600000)
 ParOldGen       total 118272K, used 118146K [0x0000000080000000, 0x0000000087380000, 0x00000000d5580000)
  object space 118272K, 99% used [0x0000000080000000,0x0000000087360af0,0x0000000087380000)
 Metaspace       used 72394K, committed 74112K, reserved 1179648K
  class space    used 7633K, committed 8320K, reserved 1048576K
}
Event: 154.580 GC heap after
{Heap after GC invocations=111 (full 3):
 PSYoungGen      total 15872K, used 538K [0x00000000d5580000, 0x00000000d6600000, 0x0000000100000000)
  eden space 14848K, 0% used [0x00000000d5580000,0x00000000d5580000,0x00000000d6400000)
  from space 1024K, 52% used [0x00000000d6500000,0x00000000d6586900,0x00000000d6600000)
  to   space 1024K, 0% used [0x00000000d6400000,0x00000000d6400000,0x00000000d6500000)
 ParOldGen       total 118272K, used 118194K [0x0000000080000000, 0x0000000087380000, 0x00000000d5580000)
  object space 118272K, 99% used [0x0000000080000000,0x000000008736caf0,0x0000000087380000)
 Metaspace       used 72394K, committed 74112K, reserved 1179648K
  class space    used 7633K, committed 8320K, reserved 1048576K
}
Event: 154.622 GC heap before
{Heap before GC invocations=112 (full 3):
 PSYoungGen      total 15872K, used 14810K [0x00000000d5580000, 0x00000000d6600000, 0x0000000100000000)
  eden space 14848K, 96% used [0x00000000d5580000,0x00000000d6370190,0x00000000d6400000)
  from space 1024K, 52% used [0x00000000d6500000,0x00000000d6586900,0x00000000d6600000)
  to   space 1024K, 0% used [0x00000000d6400000,0x00000000d6400000,0x00000000d6500000)
 ParOldGen       total 118272K, used 118194K [0x0000000080000000, 0x0000000087380000, 0x00000000d5580000)
  object space 118272K, 99% used [0x0000000080000000,0x000000008736caf0,0x0000000087380000)
 Metaspace       used 72406K, committed 74112K, reserved 1179648K
  class space    used 7633K, committed 8320K, reserved 1048576K
}
Event: 154.623 GC heap after
{Heap after GC invocations=112 (full 3):
 PSYoungGen      total 15872K, used 276K [0x00000000d5580000, 0x00000000d6580000, 0x0000000100000000)
  eden space 14848K, 0% used [0x00000000d5580000,0x00000000d5580000,0x00000000d6400000)
  from space 1024K, 27% used [0x00000000d6400000,0x00000000d6445200,0x00000000d6500000)
  to   space 512K, 0% used [0x00000000d6500000,0x00000000d6500000,0x00000000d6580000)
 ParOldGen       total 118272K, used 118210K [0x0000000080000000, 0x0000000087380000, 0x00000000d5580000)
  object space 118272K, 99% used [0x0000000080000000,0x0000000087370af0,0x0000000087380000)
 Metaspace       used 72406K, committed 74112K, reserved 1179648K
  class space    used 7633K, committed 8320K, reserved 1048576K
}
Event: 154.658 GC heap before
{Heap before GC invocations=113 (full 3):
 PSYoungGen      total 15872K, used 13863K [0x00000000d5580000, 0x00000000d6580000, 0x0000000100000000)
  eden space 14848K, 91% used [0x00000000d5580000,0x00000000d62c4d08,0x00000000d6400000)
  from space 1024K, 27% used [0x00000000d6400000,0x00000000d6445200,0x00000000d6500000)
  to   space 512K, 0% used [0x00000000d6500000,0x00000000d6500000,0x00000000d6580000)
 ParOldGen       total 118272K, used 118210K [0x0000000080000000, 0x0000000087380000, 0x00000000d5580000)
  object space 118272K, 99% used [0x0000000080000000,0x0000000087370af0,0x0000000087380000)
 Metaspace       used 72423K, committed 74112K, reserved 1179648K
  class space    used 7633K, committed 8320K, reserved 1048576K
}
Event: 154.659 GC heap after
{Heap after GC invocations=113 (full 3):
 PSYoungGen      total 15360K, used 346K [0x00000000d5580000, 0x00000000d6580000, 0x0000000100000000)
  eden space 14848K, 0% used [0x00000000d5580000,0x00000000d5580000,0x00000000d6400000)
  from space 512K, 67% used [0x00000000d6500000,0x00000000d6556900,0x00000000d6580000)
  to   space 512K, 0% used [0x00000000d6480000,0x00000000d6480000,0x00000000d6500000)
 ParOldGen       total 118784K, used 118290K [0x0000000080000000, 0x0000000087400000, 0x00000000d5580000)
  object space 118784K, 99% used [0x0000000080000000,0x0000000087384af0,0x0000000087400000)
 Metaspace       used 72423K, committed 74112K, reserved 1179648K
  class space    used 7633K, committed 8320K, reserved 1048576K
}
Event: 154.708 GC heap before
{Heap before GC invocations=114 (full 3):
 PSYoungGen      total 15360K, used 15107K [0x00000000d5580000, 0x00000000d6580000, 0x0000000100000000)
  eden space 14848K, 99% used [0x00000000d5580000,0x00000000d63ea640,0x00000000d6400000)
  from space 512K, 67% used [0x00000000d6500000,0x00000000d6556900,0x00000000d6580000)
  to   space 512K, 0% used [0x00000000d6480000,0x00000000d6480000,0x00000000d6500000)
 ParOldGen       total 118784K, used 118290K [0x0000000080000000, 0x0000000087400000, 0x00000000d5580000)
  object space 118784K, 99% used [0x0000000080000000,0x0000000087384af0,0x0000000087400000)
 Metaspace       used 72518K, committed 74240K, reserved 1179648K
  class space    used 7643K, committed 8320K, reserved 1048576K
}
Event: 154.710 GC heap after
{Heap after GC invocations=114 (full 3):
 PSYoungGen      total 15360K, used 480K [0x00000000d5580000, 0x00000000d6600000, 0x0000000100000000)
  eden space 14848K, 0% used [0x00000000d5580000,0x00000000d5580000,0x00000000d6400000)
  from space 512K, 93% used [0x00000000d6480000,0x00000000d64f8010,0x00000000d6500000)
  to   space 1024K, 0% used [0x00000000d6500000,0x00000000d6500000,0x00000000d6600000)
 ParOldGen       total 118784K, used 118378K [0x0000000080000000, 0x0000000087400000, 0x00000000d5580000)
  object space 118784K, 99% used [0x0000000080000000,0x000000008739aaf0,0x0000000087400000)
 Metaspace       used 72518K, committed 74240K, reserved 1179648K
  class space    used 7643K, committed 8320K, reserved 1048576K
}
Event: 154.799 GC heap before
{Heap before GC invocations=115 (full 3):
 PSYoungGen      total 15360K, used 15328K [0x00000000d5580000, 0x00000000d6600000, 0x0000000100000000)
  eden space 14848K, 100% used [0x00000000d5580000,0x00000000d6400000,0x00000000d6400000)
  from space 512K, 93% used [0x00000000d6480000,0x00000000d64f8010,0x00000000d6500000)
  to   space 1024K, 0% used [0x00000000d6500000,0x00000000d6500000,0x00000000d6600000)
 ParOldGen       total 118784K, used 118378K [0x0000000080000000, 0x0000000087400000, 0x00000000d5580000)
  object space 118784K, 99% used [0x0000000080000000,0x000000008739aaf0,0x0000000087400000)
 Metaspace       used 72539K, committed 74240K, reserved 1179648K
  class space    used 7643K, committed 8320K, reserved 1048576K
}
Event: 154.800 GC heap after
{Heap after GC invocations=115 (full 3):
 PSYoungGen      total 15872K, used 564K [0x00000000d5580000, 0x00000000d6600000, 0x0000000100000000)
  eden space 14848K, 0% used [0x00000000d5580000,0x00000000d5580000,0x00000000d6400000)
  from space 1024K, 55% used [0x00000000d6500000,0x00000000d658d200,0x00000000d6600000)
  to   space 1024K, 0% used [0x00000000d6400000,0x00000000d6400000,0x00000000d6500000)
 ParOldGen       total 118784K, used 118522K [0x0000000080000000, 0x0000000087400000, 0x00000000d5580000)
  object space 118784K, 99% used [0x0000000080000000,0x00000000873beaf0,0x0000000087400000)
 Metaspace       used 72539K, committed 74240K, reserved 1179648K
  class space    used 7643K, committed 8320K, reserved 1048576K
}
Event: 154.837 GC heap before
{Heap before GC invocations=116 (full 3):
 PSYoungGen      total 15872K, used 15412K [0x00000000d5580000, 0x00000000d6600000, 0x0000000100000000)
  eden space 14848K, 100% used [0x00000000d5580000,0x00000000d6400000,0x00000000d6400000)
  from space 1024K, 55% used [0x00000000d6500000,0x00000000d658d200,0x00000000d6600000)
  to   space 1024K, 0% used [0x00000000d6400000,0x00000000d6400000,0x00000000d6500000)
 ParOldGen       total 118784K, used 118522K [0x0000000080000000, 0x0000000087400000, 0x00000000d5580000)
  object space 118784K, 99% used [0x0000000080000000,0x00000000873beaf0,0x0000000087400000)
 Metaspace       used 72548K, committed 74240K, reserved 1179648K
  class space    used 7643K, committed 8320K, reserved 1048576K
}
Event: 154.838 GC heap after
{Heap after GC invocations=116 (full 3):
 PSYoungGen      total 15872K, used 474K [0x00000000d5580000, 0x00000000d6580000, 0x0000000100000000)
  eden space 14848K, 0% used [0x00000000d5580000,0x00000000d5580000,0x00000000d6400000)
  from space 1024K, 46% used [0x00000000d6400000,0x00000000d6476900,0x00000000d6500000)
  to   space 512K, 0% used [0x00000000d6500000,0x00000000d6500000,0x00000000d6580000)
 ParOldGen       total 118784K, used 118594K [0x0000000080000000, 0x0000000087400000, 0x00000000d5580000)
  object space 118784K, 99% used [0x0000000080000000,0x00000000873d0af0,0x0000000087400000)
 Metaspace       used 72548K, committed 74240K, reserved 1179648K
  class space    used 7643K, committed 8320K, reserved 1048576K
}
Event: 154.893 GC heap before
{Heap before GC invocations=117 (full 3):
 PSYoungGen      total 15872K, used 15273K [0x00000000d5580000, 0x00000000d6580000, 0x0000000100000000)
  eden space 14848K, 99% used [0x00000000d5580000,0x00000000d63f3e10,0x00000000d6400000)
  from space 1024K, 46% used [0x00000000d6400000,0x00000000d6476900,0x00000000d6500000)
  to   space 512K, 0% used [0x00000000d6500000,0x00000000d6500000,0x00000000d6580000)
 ParOldGen       total 118784K, used 118594K [0x0000000080000000, 0x0000000087400000, 0x00000000d5580000)
  object space 118784K, 99% used [0x0000000080000000,0x00000000873d0af0,0x0000000087400000)
 Metaspace       used 72556K, committed 74240K, reserved 1179648K
  class space    used 7643K, committed 8320K, reserved 1048576K
}
Event: 154.894 GC heap after
{Heap after GC invocations=117 (full 3):
 PSYoungGen      total 15360K, used 256K [0x00000000d5580000, 0x00000000d6580000, 0x0000000100000000)
  eden space 14848K, 0% used [0x00000000d5580000,0x00000000d5580000,0x00000000d6400000)
  from space 512K, 50% used [0x00000000d6500000,0x00000000d6540000,0x00000000d6580000)
  to   space 512K, 0% used [0x00000000d6480000,0x00000000d6480000,0x00000000d6500000)
 ParOldGen       total 118784K, used 118626K [0x0000000080000000, 0x0000000087400000, 0x00000000d5580000)
  object space 118784K, 99% used [0x0000000080000000,0x00000000873d8af0,0x0000000087400000)
 Metaspace       used 72556K, committed 74240K, reserved 1179648K
  class space    used 7643K, committed 8320K, reserved 1048576K
}
Event: 154.931 GC heap before
{Heap before GC invocations=118 (full 3):
 PSYoungGen      total 15360K, used 14255K [0x00000000d5580000, 0x00000000d6580000, 0x0000000100000000)
  eden space 14848K, 94% used [0x00000000d5580000,0x00000000d632bfd8,0x00000000d6400000)
  from space 512K, 50% used [0x00000000d6500000,0x00000000d6540000,0x00000000d6580000)
  to   space 512K, 0% used [0x00000000d6480000,0x00000000d6480000,0x00000000d6500000)
 ParOldGen       total 118784K, used 118626K [0x0000000080000000, 0x0000000087400000, 0x00000000d5580000)
  object space 118784K, 99% used [0x0000000080000000,0x00000000873d8af0,0x0000000087400000)
 Metaspace       used 72568K, committed 74240K, reserved 1179648K
  class space    used 7644K, committed 8320K, reserved 1048576K
}
Event: 154.932 GC heap after
{Heap after GC invocations=118 (full 3):
 PSYoungGen      total 15360K, used 192K [0x00000000d5580000, 0x00000000d6580000, 0x0000000100000000)
  eden space 14848K, 0% used [0x00000000d5580000,0x00000000d5580000,0x00000000d6400000)
  from space 512K, 37% used [0x00000000d6480000,0x00000000d64b0000,0x00000000d6500000)
  to   space 512K, 0% used [0x00000000d6500000,0x00000000d6500000,0x00000000d6580000)
 ParOldGen       total 118784K, used 118730K [0x0000000080000000, 0x0000000087400000, 0x00000000d5580000)
  object space 118784K, 99% used [0x0000000080000000,0x00000000873f2af0,0x0000000087400000)
 Metaspace       used 72568K, committed 74240K, reserved 1179648K
  class space    used 7644K, committed 8320K, reserved 1048576K
}

